<?xml version="1.0" encoding="UTF-8"?>
<testng-results ignored="1" total="2" passed="1" failed="0" skipped="0">
  <reporter-output>
  </reporter-output>
  <suite started-at="2021-10-14T19:58:02 IST" name="Default suite" finished-at="2021-10-14T19:58:07 IST" duration-ms="4627">
    <groups>
    </groups>
    <test started-at="2021-10-14T19:58:02 IST" name="Default test" finished-at="2021-10-14T19:58:07 IST" duration-ms="4627">
      <class name="tests.testcases">
        <test-method signature="validateEmail()[pri:0, instance:tests.testcases@4b5a5ed1]" started-at="2021-10-14T19:58:02 IST" name="validateEmail" finished-at="2021-10-14T19:58:07 IST" duration-ms="4595" status="PASS">
          <reporter-output>
          </reporter-output>
        </test-method> <!-- validateEmail -->
      </class> <!-- tests.testcases -->
    </test> <!-- Default test -->
  </suite> <!-- Default suite -->
</testng-results>
