<?xml version="1.0" encoding="UTF-8"?>
<!-- Generated by org.testng.reporters.JUnitXMLReporter -->
<testsuite ignored="0" hostname="BLRCND50004561" failures="0" tests="4" name="Default test" time="3.036" errors="0" timestamp="2021-10-16T17:07:09 IST">
  <testcase classname="Tests.testCases" name="getEmailids" time="2.109"/>
  <testcase classname="Tests.testCases" name="getPostsIds" time="0.091"/>
  <testcase classname="Tests.testCases" name="getUserid" time="0.079"/>
  <testcase classname="Tests.testCases" name="validAllUseremails" time="0.725"/>
</testsuite> <!-- Default test -->
