<?xml version="1.0" encoding="UTF-8"?>
<!-- Generated by org.testng.reporters.JUnitXMLReporter -->
<testsuite hostname="BNGTSI50004561" name="TmpTest" tests="1" failures="0" timestamp="4 May 2017 13:12:18 GMT" time="0.011" errors="0">
  <testcase name="@BeforeTest driver" time="0.0" classname="Testcases.testcase001">
    <failure type="org.testng.TestNGException" message="
Method driver requires 1 parameters but 0 were supplied in the @Configuration annotation.">
      <![CDATA[org.testng.TestNGException: 
Method driver requires 1 parameters but 0 were supplied in the @Configuration annotation.
	at webAccountCreation.xmlcreator.main(xmlcreator.java:28)
... Removed 18 stack frames]]>
    </failure>
  </testcase> <!-- @BeforeTest driver -->
  <testcase name="case001" time="0.0" classname="Testcases.testcase001">
    <skipped/>
  </testcase> <!-- case001 -->
</testsuite> <!-- TmpTest -->
