<?xml version="1.0" encoding="UTF-8"?>
<!-- Generated by org.testng.reporters.JUnitXMLReporter -->
<testsuite hostname="BNGTSI50004561" name="TestSuite" tests="2" failures="0" timestamp="5 May 2017 05:54:58 GMT" time="0.012" errors="0">
  <testcase name="@BeforeTest driver" time="0.0" classname="Testcases.testcase003">
    <failure type="org.testng.TestNGException" message="
Method driver requires 1 parameters but 0 were supplied in the @Configuration annotation.">
      <![CDATA[org.testng.TestNGException: 
Method driver requires 1 parameters but 0 were supplied in the @Configuration annotation.
	at webAccountCreation.xmlcreator.main(xmlcreator.java:109)
... Removed 18 stack frames]]>
    </failure>
  </testcase> <!-- @BeforeTest driver -->
  <testcase name="@BeforeTest be" time="0.0" classname="Testcases.testcase003">
    <skipped/>
  </testcase> <!-- @BeforeTest be -->
  <testcase name="@AfterTest af" time="0.0" classname="Testcases.testcase001">
    <skipped/>
  </testcase> <!-- @AfterTest af -->
  <testcase name="case001" time="0.0" classname="Testcases.testcase001">
    <skipped/>
  </testcase> <!-- case001 -->
  <testcase name="case003" time="0.0" classname="Testcases.testcase003">
    <skipped/>
  </testcase> <!-- case003 -->
</testsuite> <!-- TestSuite -->
